[2017-04-18 17:42:37.813] [INFO] pomelo - [32m[/Users/zyg/Project/majiang_server/game-server/node_modules/pomelo/lib/application.js] [39mapplication inited: "connector-server-1"
[2017-04-18 17:42:38.056] [INFO] pomelo - [32m[/Users/zyg/Project/majiang_server/game-server/node_modules/pomelo/lib/application.js] [39m"connector-server-1" enter after start...
[2017-04-18 17:42:38.061] [INFO] pomelo - [32m[/Users/zyg/Project/majiang_server/game-server/node_modules/pomelo/lib/application.js] [39m"connector-server-1" finish start
[2017-04-18 17:42:38.061] [INFO] pomelo - [32m[/Users/zyg/Project/majiang_server/game-server/node_modules/pomelo/lib/application.js] [39m"connector-server-1" startup in 200 ms
[2017-04-18 17:43:05.687] [DEBUG] pomelo - [36m[/Users/zyg/Project/majiang_server/game-server/node_modules/pomelo/lib/components/connector.js] [39m[connector-server-1] getSession session is created with session id: 1
[2017-04-18 17:43:05.705] [DEBUG] pomelo - [36m[/Users/zyg/Project/majiang_server/game-server/node_modules/pomelo/lib/components/connector.js] [39m[connector-server-1] handleMessage session id: 1, msg: {"id":1,"type":0,"compressRoute":0,"route":"connector.entryHandler.entry","body":"hello pomelo","compressGzip":0}
[2017-04-18 17:43:05.719] [DEBUG] pomelo - [36m[/Users/zyg/Project/majiang_server/game-server/node_modules/pomelo/lib/components/connector.js] [39m[connector-server-1] send message reqId: 1, route: connector.entryHandler.entry, msg: {"code":200,"msg":"game server is ok."}, receivers: [1], opts: {"type":"response","userOptions":{},"isResponse":true}
[2017-04-18 17:43:18.247] [DEBUG] pomelo - [36m[/Users/zyg/Project/majiang_server/game-server/node_modules/pomelo/lib/components/connector.js] [39m[connector-server-1] getSession session is created with session id: 2
[2017-04-18 17:43:18.258] [DEBUG] pomelo - [36m[/Users/zyg/Project/majiang_server/game-server/node_modules/pomelo/lib/components/connector.js] [39m[connector-server-1] handleMessage session id: 2, msg: {"id":2,"type":0,"compressRoute":0,"route":"connector.entryHandler.entry","body":"hello pomelo","compressGzip":0}
[2017-04-18 17:43:18.259] [DEBUG] pomelo - [36m[/Users/zyg/Project/majiang_server/game-server/node_modules/pomelo/lib/components/connector.js] [39m[connector-server-1] send message reqId: 2, route: connector.entryHandler.entry, msg: {"code":200,"msg":"game server is ok."}, receivers: [2], opts: {"type":"response","userOptions":{},"isResponse":true}
[2017-04-18 17:43:22.307] [INFO] pomelo - [32m[/Users/zyg/Project/majiang_server/game-server/node_modules/pomelo/lib/connectors/commands/heartbeat.js] [39mclient 1 heartbeat timeout.
[2017-04-18 17:43:22.308] [DEBUG] pomelo - [36m[/Users/zyg/Project/majiang_server/game-server/node_modules/pomelo/lib/common/service/sessionService.js] [39msession on [connector-server-1] is closed with session id: 1
[2017-04-18 17:43:30.093] [INFO] pomelo - [32m[/Users/zyg/Project/majiang_server/game-server/node_modules/pomelo/lib/application.js] [39mapplication inited: "connector-server-1"
[2017-04-18 17:43:30.350] [INFO] pomelo - [32m[/Users/zyg/Project/majiang_server/game-server/node_modules/pomelo/lib/application.js] [39m"connector-server-1" enter after start...
[2017-04-18 17:43:30.355] [INFO] pomelo - [32m[/Users/zyg/Project/majiang_server/game-server/node_modules/pomelo/lib/application.js] [39m"connector-server-1" finish start
[2017-04-18 17:43:30.355] [INFO] pomelo - [32m[/Users/zyg/Project/majiang_server/game-server/node_modules/pomelo/lib/application.js] [39m"connector-server-1" startup in 218 ms
[2017-04-18 17:43:34.850] [DEBUG] pomelo - [36m[/Users/zyg/Project/majiang_server/game-server/node_modules/pomelo/lib/components/connector.js] [39m[connector-server-1] getSession session is created with session id: 1
[2017-04-18 17:43:34.868] [DEBUG] pomelo - [36m[/Users/zyg/Project/majiang_server/game-server/node_modules/pomelo/lib/components/connector.js] [39m[connector-server-1] handleMessage session id: 1, msg: {"id":1,"type":0,"compressRoute":0,"route":"connector.entryHandler.entry","body":"hello pomelo","compressGzip":0}
[2017-04-18 17:43:34.872] [DEBUG] pomelo - [36m[/Users/zyg/Project/majiang_server/game-server/node_modules/pomelo/lib/components/connector.js] [39m[connector-server-1] send message reqId: 1, route: connector.entryHandler.entry, msg: {"code":200,"msg":"game server is ok."}, receivers: [1], opts: {"type":"response","userOptions":{},"isResponse":true}
[2017-04-18 17:43:39.384] [DEBUG] pomelo - [36m[/Users/zyg/Project/majiang_server/game-server/node_modules/pomelo/lib/common/service/sessionService.js] [39msession on [connector-server-1] is closed with session id: 1
[2017-04-18 18:19:29.491] [INFO] pomelo - [32m[/Users/zyg/Project/majiang_server/game-server/node_modules/pomelo/lib/application.js] [39mapplication inited: "connector-server-1"
[2017-04-18 18:19:29.808] [INFO] pomelo - [32m[/Users/zyg/Project/majiang_server/game-server/node_modules/pomelo/lib/application.js] [39m"connector-server-1" enter after start...
[2017-04-18 18:19:29.812] [INFO] pomelo - [32m[/Users/zyg/Project/majiang_server/game-server/node_modules/pomelo/lib/application.js] [39m"connector-server-1" finish start
[2017-04-18 18:19:29.813] [INFO] pomelo - [32m[/Users/zyg/Project/majiang_server/game-server/node_modules/pomelo/lib/application.js] [39m"connector-server-1" startup in 258 ms
[2017-04-18 18:19:55.114] [DEBUG] pomelo - [36m[/Users/zyg/Project/majiang_server/game-server/node_modules/pomelo/lib/components/connector.js] [39m[connector-server-1] getSession session is created with session id: 1
[2017-04-18 18:19:55.129] [DEBUG] pomelo - [36m[/Users/zyg/Project/majiang_server/game-server/node_modules/pomelo/lib/components/connector.js] [39m[connector-server-1] handleMessage session id: 1, msg: {"id":1,"type":0,"compressRoute":0,"route":"connector.entryHandler.tt.entry","body":"hello pomelo","compressGzip":0}
[2017-04-18 18:19:55.130] [DEBUG] pomelo - [36m[/Users/zyg/Project/majiang_server/game-server/node_modules/pomelo/lib/components/connector.js] [39m[connector-server-1] send message reqId: 1, route: connector.entryHandler.tt.entry, msg: {"code":500}, receivers: [1], opts: {"type":"response","userOptions":{},"isResponse":true}
[2017-04-18 18:19:59.613] [DEBUG] pomelo - [36m[/Users/zyg/Project/majiang_server/game-server/node_modules/pomelo/lib/components/connector.js] [39m[connector-server-1] getSession session is created with session id: 2
[2017-04-18 18:19:59.619] [DEBUG] pomelo - [36m[/Users/zyg/Project/majiang_server/game-server/node_modules/pomelo/lib/components/connector.js] [39m[connector-server-1] handleMessage session id: 2, msg: {"id":2,"type":0,"compressRoute":0,"route":"connector.entryHandler.tt.entry","body":"hello pomelo","compressGzip":0}
[2017-04-18 18:19:59.620] [DEBUG] pomelo - [36m[/Users/zyg/Project/majiang_server/game-server/node_modules/pomelo/lib/components/connector.js] [39m[connector-server-1] send message reqId: 2, route: connector.entryHandler.tt.entry, msg: {"code":500}, receivers: [2], opts: {"type":"response","userOptions":{},"isResponse":true}
[2017-04-18 18:20:01.133] [INFO] pomelo - [32m[/Users/zyg/Project/majiang_server/game-server/node_modules/pomelo/lib/connectors/commands/heartbeat.js] [39mclient 1 heartbeat timeout.
[2017-04-18 18:20:01.134] [DEBUG] pomelo - [36m[/Users/zyg/Project/majiang_server/game-server/node_modules/pomelo/lib/common/service/sessionService.js] [39msession on [connector-server-1] is closed with session id: 1
[2017-04-18 18:20:47.481] [INFO] pomelo - [32m[/Users/zyg/Project/majiang_server/game-server/node_modules/pomelo/lib/application.js] [39mapplication inited: "connector-server-1"
[2017-04-18 18:20:47.730] [INFO] pomelo - [32m[/Users/zyg/Project/majiang_server/game-server/node_modules/pomelo/lib/application.js] [39m"connector-server-1" enter after start...
[2017-04-18 18:20:47.734] [INFO] pomelo - [32m[/Users/zyg/Project/majiang_server/game-server/node_modules/pomelo/lib/application.js] [39m"connector-server-1" finish start
[2017-04-18 18:20:47.735] [INFO] pomelo - [32m[/Users/zyg/Project/majiang_server/game-server/node_modules/pomelo/lib/application.js] [39m"connector-server-1" startup in 208 ms
[2017-04-18 18:20:52.087] [DEBUG] pomelo - [36m[/Users/zyg/Project/majiang_server/game-server/node_modules/pomelo/lib/components/connector.js] [39m[connector-server-1] getSession session is created with session id: 1
[2017-04-18 18:20:52.105] [DEBUG] pomelo - [36m[/Users/zyg/Project/majiang_server/game-server/node_modules/pomelo/lib/components/connector.js] [39m[connector-server-1] handleMessage session id: 1, msg: {"id":1,"type":0,"compressRoute":0,"route":"connector.entryHandler.tt.entry","body":"hello pomelo","compressGzip":0}
[2017-04-18 18:20:52.107] [DEBUG] pomelo - [36m[/Users/zyg/Project/majiang_server/game-server/node_modules/pomelo/lib/components/connector.js] [39m[connector-server-1] send message reqId: 1, route: connector.entryHandler.tt.entry, msg: {"code":500}, receivers: [1], opts: {"type":"response","userOptions":{},"isResponse":true}
[2017-04-18 18:20:58.109] [INFO] pomelo - [32m[/Users/zyg/Project/majiang_server/game-server/node_modules/pomelo/lib/connectors/commands/heartbeat.js] [39mclient 1 heartbeat timeout.
[2017-04-18 18:20:58.110] [DEBUG] pomelo - [36m[/Users/zyg/Project/majiang_server/game-server/node_modules/pomelo/lib/common/service/sessionService.js] [39msession on [connector-server-1] is closed with session id: 1
[2017-04-18 18:21:55.167] [INFO] pomelo - [32m[/Users/zyg/Project/majiang_server/game-server/node_modules/pomelo/lib/application.js] [39mapplication inited: "connector-server-1"
[2017-04-18 18:21:55.449] [INFO] pomelo - [32m[/Users/zyg/Project/majiang_server/game-server/node_modules/pomelo/lib/application.js] [39m"connector-server-1" enter after start...
[2017-04-18 18:21:55.454] [INFO] pomelo - [32m[/Users/zyg/Project/majiang_server/game-server/node_modules/pomelo/lib/application.js] [39m"connector-server-1" finish start
[2017-04-18 18:21:55.455] [INFO] pomelo - [32m[/Users/zyg/Project/majiang_server/game-server/node_modules/pomelo/lib/application.js] [39m"connector-server-1" startup in 241 ms
[2017-04-18 18:21:58.431] [DEBUG] pomelo - [36m[/Users/zyg/Project/majiang_server/game-server/node_modules/pomelo/lib/components/connector.js] [39m[connector-server-1] getSession session is created with session id: 1
[2017-04-18 18:21:58.451] [DEBUG] pomelo - [36m[/Users/zyg/Project/majiang_server/game-server/node_modules/pomelo/lib/components/connector.js] [39m[connector-server-1] handleMessage session id: 1, msg: {"id":2,"type":0,"compressRoute":0,"route":"connector.entryHandler.tt.entry","body":"hello pomelo","compressGzip":0}
[2017-04-18 18:21:58.452] [DEBUG] pomelo - [36m[/Users/zyg/Project/majiang_server/game-server/node_modules/pomelo/lib/components/connector.js] [39m[connector-server-1] send message reqId: 2, route: connector.entryHandler.tt.entry, msg: {"code":500}, receivers: [1], opts: {"type":"response","userOptions":{},"isResponse":true}
[2017-04-18 18:22:04.452] [INFO] pomelo - [32m[/Users/zyg/Project/majiang_server/game-server/node_modules/pomelo/lib/connectors/commands/heartbeat.js] [39mclient 1 heartbeat timeout.
[2017-04-18 18:22:04.453] [DEBUG] pomelo - [36m[/Users/zyg/Project/majiang_server/game-server/node_modules/pomelo/lib/common/service/sessionService.js] [39msession on [connector-server-1] is closed with session id: 1
[2017-04-21 09:52:26.150] [INFO] pomelo - [32m[F:\Pomelo\majiang_server\node_modules\.2.2.5@pomelo\lib\application.js] [39mapplication inited: "connector-server-1"
[2017-04-21 09:52:26.453] [INFO] pomelo - [32m[F:\Pomelo\majiang_server\node_modules\.2.2.5@pomelo\lib\application.js] [39m"connector-server-1" enter after start...
[2017-04-21 09:52:26.458] [INFO] pomelo - [32m[F:\Pomelo\majiang_server\node_modules\.2.2.5@pomelo\lib\application.js] [39m"connector-server-1" finish start
[2017-04-21 09:52:26.458] [INFO] pomelo - [32m[F:\Pomelo\majiang_server\node_modules\.2.2.5@pomelo\lib\application.js] [39m"connector-server-1" startup in 210 ms
[2017-04-21 09:54:13.731] [INFO] pomelo - [32m[F:\Pomelo\majiang_server\node_modules\.2.2.5@pomelo\lib\application.js] [39mapplication inited: "connector-server-1"
[2017-04-21 09:54:14.027] [INFO] pomelo - [32m[F:\Pomelo\majiang_server\node_modules\.2.2.5@pomelo\lib\application.js] [39m"connector-server-1" enter after start...
[2017-04-21 09:54:14.030] [INFO] pomelo - [32m[F:\Pomelo\majiang_server\node_modules\.2.2.5@pomelo\lib\application.js] [39m"connector-server-1" finish start
[2017-04-21 09:54:14.030] [INFO] pomelo - [32m[F:\Pomelo\majiang_server\node_modules\.2.2.5@pomelo\lib\application.js] [39m"connector-server-1" startup in 201 ms
[2017-04-22 22:38:21.807] [INFO] pomelo - [32m[/Users/zyg/Project/majiang_server/game-server/node_modules/.2.2.5@pomelo/lib/application.js] [39mapplication inited: "connector-server-1"
